<?xml version="1.0" encoding="UTF-8"?>
<!-- Generated by org.testng.reporters.JUnitReportReporter -->
<testsuite hostname="LEON-LT-181010E" name="Tests.JavaAutomation2" tests="1" failures="0" timestamp="17 Mar 2019 23:01:51 GMT" time="2.700" errors="0">
  <testcase name="ValidatePage" time="2.700" classname="Tests.JavaAutomation2"/>
</testsuite> <!-- Tests.JavaAutomation2 -->
