<?xml version="1.0" encoding="UTF-8"?>
<!-- Generated by org.testng.reporters.JUnitReportReporter -->
<testsuite hostname="LEON-LT-181010E" name="Tests.TestFacebook" tests="1" failures="0" timestamp="19 Mar 2019 22:04:22 GMT" time="3.617" errors="0">
  <testcase name="ValidatePage" time="3.617" classname="Tests.TestFacebook"/>
</testsuite> <!-- Tests.TestFacebook -->
