<?xml version="1.0" encoding="UTF-8"?>
<!-- Generated by org.testng.reporters.JUnitReportReporter -->
<testsuite hostname="LEON-LT-181010E" name="Tests.TestFacebook" tests="1" failures="0" timestamp="17 Mar 2019 23:36:58 GMT" time="2.673" errors="0">
  <testcase name="ValidatePage" time="2.673" classname="Tests.TestFacebook"/>
</testsuite> <!-- Tests.TestFacebook -->
